{"C:\\Users\\krish\\Downloads\\hcp-crm-ai\\hcp-crm-ai\\frontend\\src\\components\\ChatPanel.tsx": {"path":"C:\\Users\\krish\\Downloads\\hcp-crm-ai\\hcp-crm-ai\\frontend\\src\\components\\ChatPanel.tsx","statementMap":{"0":{"start":{"line":8,"column":8},"end":{"line":8,"column":null}},"1":{"start":{"line":9,"column":40},"end":{"line":9,"column":null}},"2":{"start":{"line":9,"column":70},"end":{"line":9,"column":80}},"3":{"start":{"line":10,"column":8},"end":{"line":10,"column":null}},"4":{"start":{"line":10,"column":48},"end":{"line":10,"column":65}},"5":{"start":{"line":11,"column":24},"end":{"line":11,"column":null}},"6":{"start":{"line":12,"column":8},"end":{"line":12,"column":null}},"7":{"start":{"line":14,"column":2},"end":{"line":16,"column":null}},"8":{"start":{"line":15,"column":4},"end":{"line":15,"column":null}},"9":{"start":{"line":19,"column":17},"end":{"line":19,"column":null}},"10":{"start":{"line":20,"column":4},"end":{"line":20,"column":null}},"11":{"start":{"line":20,"column":28},"end":{"line":20,"column":null}},"12":{"start":{"line":22,"column":4},"end":{"line":22,"column":null}},"13":{"start":{"line":23,"column":4},"end":{"line":23,"column":null}},"14":{"start":{"line":25,"column":4},"end":{"line":35,"column":null}},"15":{"start":{"line":26,"column":51},"end":{"line":30,"column":null}},"16":{"start":{"line":31,"column":6},"end":{"line":31,"column":null}},"17":{"start":{"line":32,"column":6},"end":{"line":32,"column":null}},"18":{"start":{"line":34,"column":6},"end":{"line":34,"column":null}},"19":{"start":{"line":39,"column":4},"end":{"line":39,"column":null}},"20":{"start":{"line":39,"column":27},"end":{"line":39,"column":null}},"21":{"start":{"line":42,"column":2},"end":{"line":79,"column":null}},"22":{"start":{"line":51,"column":10},"end":{"line":57,"column":null}},"23":{"start":{"line":70,"column":27},"end":{"line":70,"column":null}}},"fnMap":{"0":{"name":"ChatPanel","decl":{"start":{"line":7,"column":24},"end":{"line":7,"column":36}},"loc":{"start":{"line":7,"column":36},"end":{"line":81,"column":null}},"line":7},"1":{"name":"(anonymous_1)","decl":{"start":{"line":9,"column":59},"end":{"line":9,"column":60}},"loc":{"start":{"line":9,"column":70},"end":{"line":9,"column":80}},"line":9},"2":{"name":"(anonymous_2)","decl":{"start":{"line":10,"column":37},"end":{"line":10,"column":38}},"loc":{"start":{"line":10,"column":48},"end":{"line":10,"column":65}},"line":10},"3":{"name":"(anonymous_3)","decl":{"start":{"line":14,"column":12},"end":{"line":14,"column":18}},"loc":{"start":{"line":14,"column":18},"end":{"line":16,"column":5}},"line":14},"4":{"name":"handleSend","decl":{"start":{"line":18,"column":17},"end":{"line":18,"column":30}},"loc":{"start":{"line":18,"column":30},"end":{"line":36,"column":null}},"line":18},"5":{"name":"handleKeyDown","decl":{"start":{"line":38,"column":11},"end":{"line":38,"column":25}},"loc":{"start":{"line":38,"column":67},"end":{"line":40,"column":null}},"line":38},"6":{"name":"(anonymous_6)","decl":{"start":{"line":50,"column":22},"end":{"line":50,"column":23}},"loc":{"start":{"line":51,"column":10},"end":{"line":57,"column":null}},"line":51},"7":{"name":"(anonymous_7)","decl":{"start":{"line":70,"column":20},"end":{"line":70,"column":21}},"loc":{"start":{"line":70,"column":27},"end":{"line":70,"column":null}},"line":70}},"branchMap":{"0":{"loc":{"start":{"line":20,"column":4},"end":{"line":20,"column":null}},"type":"if","locations":[{"start":{"line":20,"column":4},"end":{"line":20,"column":null}},{"start":{},"end":{}}],"line":20},"1":{"loc":{"start":{"line":20,"column":8},"end":{"line":20,"column":28}},"type":"binary-expr","locations":[{"start":{"line":20,"column":8},"end":{"line":20,"column":17}},{"start":{"line":20,"column":17},"end":{"line":20,"column":28}}],"line":20},"2":{"loc":{"start":{"line":34,"column":26},"end":{"line":34,"column":68}},"type":"binary-expr","locations":[{"start":{"line":34,"column":26},"end":{"line":34,"column":41}},{"start":{"line":34,"column":41},"end":{"line":34,"column":68}}],"line":34},"3":{"loc":{"start":{"line":39,"column":4},"end":{"line":39,"column":null}},"type":"if","locations":[{"start":{"line":39,"column":4},"end":{"line":39,"column":null}},{"start":{},"end":{}}],"line":39},"4":{"loc":{"start":{"line":52,"column":13},"end":{"line":52,"column":null}},"type":"binary-expr","locations":[{"start":{"line":52,"column":13},"end":{"line":52,"column":35}},{"start":{"line":52,"column":35},"end":{"line":52,"column":null}}],"line":52},"5":{"loc":{"start":{"line":54,"column":13},"end":{"line":55,"column":null}},"type":"binary-expr","locations":[{"start":{"line":54,"column":13},"end":{"line":54,"column":28}},{"start":{"line":54,"column":28},"end":{"line":54,"column":null}},{"start":{"line":55,"column":14},"end":{"line":55,"column":null}}],"line":54},"6":{"loc":{"start":{"line":59,"column":9},"end":{"line":63,"column":null}},"type":"binary-expr","locations":[{"start":{"line":59,"column":9},"end":{"line":59,"column":null}},{"start":{"line":60,"column":10},"end":{"line":63,"column":null}}],"line":59},"7":{"loc":{"start":{"line":75,"column":47},"end":{"line":75,"column":75}},"type":"binary-expr","locations":[{"start":{"line":75,"column":47},"end":{"line":75,"column":60}},{"start":{"line":75,"column":60},"end":{"line":75,"column":75}}],"line":75}},"s":{"0":9,"1":9,"2":17,"3":9,"4":17,"5":9,"6":9,"7":9,"8":7,"9":2,"10":2,"11":0,"12":2,"13":2,"14":2,"15":2,"16":1,"17":1,"18":1,"19":0,"20":0,"21":9,"22":15,"23":2},"f":{"0":9,"1":17,"2":17,"3":7,"4":2,"5":0,"6":15,"7":2},"b":{"0":[0,2],"1":[2,2],"2":[1,0],"3":[0,0],"4":[15,1],"5":[15,15,1],"6":[9,2],"7":[9,7]},"meta":{"lastBranch":8,"lastFunction":8,"lastStatement":24,"seen":{"f:7:24:7:36":0,"s:8:8:8:Infinity":0,"s:9:40:9:Infinity":1,"f:9:59:9:60":1,"s:9:70:9:80":2,"s:10:8:10:Infinity":3,"f:10:37:10:38":2,"s:10:48:10:65":4,"s:11:24:11:Infinity":5,"s:12:8:12:Infinity":6,"s:14:2:16:Infinity":7,"f:14:12:14:18":3,"s:15:4:15:Infinity":8,"f:18:17:18:30":4,"s:19:17:19:Infinity":9,"b:20:4:20:Infinity:undefined:undefined:undefined:undefined":0,"s:20:4:20:Infinity":10,"b:20:8:20:17:20:17:20:28":1,"s:20:28:20:Infinity":11,"s:22:4:22:Infinity":12,"s:23:4:23:Infinity":13,"s:25:4:35:Infinity":14,"s:26:51:30:Infinity":15,"s:31:6:31:Infinity":16,"s:32:6:32:Infinity":17,"s:34:6:34:Infinity":18,"b:34:26:34:41:34:41:34:68":2,"f:38:11:38:25":5,"b:39:4:39:Infinity:undefined:undefined:undefined:undefined":3,"s:39:4:39:Infinity":19,"s:39:27:39:Infinity":20,"s:42:2:79:Infinity":21,"f:50:22:50:23":6,"s:51:10:57:Infinity":22,"b:52:13:52:35:52:35:52:Infinity":4,"b:54:13:54:28:54:28:54:Infinity:55:14:55:Infinity":5,"b:59:9:59:Infinity:60:10:63:Infinity":6,"f:70:20:70:21":7,"s:70:27:70:Infinity":23,"b:75:47:75:60:75:60:75:75":7},"fnNames":{}}}
,"C:\\Users\\krish\\Downloads\\hcp-crm-ai\\hcp-crm-ai\\frontend\\src\\components\\InteractionForm.tsx": {"path":"C:\\Users\\krish\\Downloads\\hcp-crm-ai\\hcp-crm-ai\\frontend\\src\\components\\InteractionForm.tsx","statementMap":{"0":{"start":{"line":11,"column":4},"end":{"line":14,"column":null}},"1":{"start":{"line":15,"column":2},"end":{"line":17,"column":null}},"2":{"start":{"line":16,"column":4},"end":{"line":16,"column":null}},"3":{"start":{"line":18,"column":2},"end":{"line":18,"column":null}},"4":{"start":{"line":26,"column":2},"end":{"line":28,"column":null}},"5":{"start":{"line":27,"column":4},"end":{"line":27,"column":null}},"6":{"start":{"line":29,"column":2},"end":{"line":36,"column":null}},"7":{"start":{"line":32,"column":8},"end":{"line":34,"column":null}},"8":{"start":{"line":41,"column":8},"end":{"line":41,"column":null}},"9":{"start":{"line":41,"column":41},"end":{"line":41,"column":58}},"10":{"start":{"line":43,"column":2},"end":{"line":128,"column":null}},"11":{"start":{"line":98,"column":12},"end":{"line":103,"column":null}},"12":{"start":{"line":123,"column":14},"end":{"line":123,"column":null}}},"fnMap":{"0":{"name":"Value","decl":{"start":{"line":9,"column":9},"end":{"line":9,"column":15}},"loc":{"start":{"line":9,"column":60},"end":{"line":19,"column":null}},"line":9},"1":{"name":"ChipList","decl":{"start":{"line":25,"column":9},"end":{"line":25,"column":18}},"loc":{"start":{"line":25,"column":44},"end":{"line":38,"column":null}},"line":25},"2":{"name":"(anonymous_2)","decl":{"start":{"line":31,"column":17},"end":{"line":31,"column":18}},"loc":{"start":{"line":32,"column":8},"end":{"line":34,"column":null}},"line":32},"3":{"name":"InteractionForm","decl":{"start":{"line":40,"column":24},"end":{"line":40,"column":42}},"loc":{"start":{"line":40,"column":42},"end":{"line":130,"column":null}},"line":40},"4":{"name":"(anonymous_4)","decl":{"start":{"line":41,"column":30},"end":{"line":41,"column":31}},"loc":{"start":{"line":41,"column":41},"end":{"line":41,"column":58}},"line":41},"5":{"name":"(anonymous_5)","decl":{"start":{"line":97,"column":51},"end":{"line":97,"column":52}},"loc":{"start":{"line":98,"column":12},"end":{"line":103,"column":null}},"line":98},"6":{"name":"(anonymous_6)","decl":{"start":{"line":122,"column":45},"end":{"line":122,"column":46}},"loc":{"start":{"line":123,"column":14},"end":{"line":123,"column":null}},"line":123}},"branchMap":{"0":{"loc":{"start":{"line":9,"column":27},"end":{"line":9,"column":45}},"type":"default-arg","locations":[{"start":{"line":9,"column":41},"end":{"line":9,"column":45}}],"line":9},"1":{"loc":{"start":{"line":11,"column":4},"end":{"line":14,"column":null}},"type":"binary-expr","locations":[{"start":{"line":11,"column":4},"end":{"line":11,"column":null}},{"start":{"line":12,"column":4},"end":{"line":12,"column":null}},{"start":{"line":13,"column":4},"end":{"line":13,"column":null}},{"start":{"line":14,"column":5},"end":{"line":14,"column":32}},{"start":{"line":14,"column":32},"end":{"line":14,"column":null}}],"line":11},"2":{"loc":{"start":{"line":15,"column":2},"end":{"line":17,"column":null}},"type":"if","locations":[{"start":{"line":15,"column":2},"end":{"line":17,"column":null}},{"start":{},"end":{}}],"line":15},"3":{"loc":{"start":{"line":26,"column":2},"end":{"line":28,"column":null}},"type":"if","locations":[{"start":{"line":26,"column":2},"end":{"line":28,"column":null}},{"start":{},"end":{}}],"line":26},"4":{"loc":{"start":{"line":26,"column":6},"end":{"line":26,"column":36}},"type":"binary-expr","locations":[{"start":{"line":26,"column":6},"end":{"line":26,"column":16}},{"start":{"line":26,"column":16},"end":{"line":26,"column":36}}],"line":26},"5":{"loc":{"start":{"line":100,"column":43},"end":{"line":100,"column":85}},"type":"cond-expr","locations":[{"start":{"line":100,"column":66},"end":{"line":100,"column":83}},{"start":{"line":100,"column":83},"end":{"line":100,"column":85}}],"line":100},"6":{"loc":{"start":{"line":118,"column":7},"end":{"line":126,"column":null}},"type":"binary-expr","locations":[{"start":{"line":118,"column":7},"end":{"line":118,"column":38}},{"start":{"line":118,"column":38},"end":{"line":118,"column":null}},{"start":{"line":119,"column":8},"end":{"line":126,"column":null}}],"line":118}},"s":{"0":16,"1":16,"2":7,"3":9,"4":4,"5":2,"6":2,"7":3,"8":2,"9":4,"10":2,"11":6,"12":2},"f":{"0":16,"1":4,"2":3,"3":2,"4":4,"5":6,"6":2},"b":{"0":[16],"1":[16,16,16,9,0],"2":[7,9],"3":[2,2],"4":[4,4],"5":[2,4],"6":[2,2,1]},"meta":{"lastBranch":7,"lastFunction":7,"lastStatement":13,"seen":{"f:9:9:9:15":0,"b:9:41:9:45":0,"s:11:4:14:Infinity":0,"b:11:4:11:Infinity:12:4:12:Infinity:13:4:13:Infinity:14:5:14:32:14:32:14:Infinity":1,"b:15:2:17:Infinity:undefined:undefined:undefined:undefined":2,"s:15:2:17:Infinity":1,"s:16:4:16:Infinity":2,"s:18:2:18:Infinity":3,"f:25:9:25:18":1,"b:26:2:28:Infinity:undefined:undefined:undefined:undefined":3,"s:26:2:28:Infinity":4,"b:26:6:26:16:26:16:26:36":4,"s:27:4:27:Infinity":5,"s:29:2:36:Infinity":6,"f:31:17:31:18":2,"s:32:8:34:Infinity":7,"f:40:24:40:42":3,"s:41:8:41:Infinity":8,"f:41:30:41:31":4,"s:41:41:41:58":9,"s:43:2:128:Infinity":10,"f:97:51:97:52":5,"s:98:12:103:Infinity":11,"b:100:66:100:83:100:83:100:85":5,"b:118:7:118:38:118:38:118:Infinity:119:8:126:Infinity":6,"f:122:45:122:46":6,"s:123:14:123:Infinity":12},"fnNames":{}}}
,"C:\\Users\\krish\\Downloads\\hcp-crm-ai\\hcp-crm-ai\\frontend\\src\\store\\chatSlice.ts": {"path":"C:\\Users\\krish\\Downloads\\hcp-crm-ai\\hcp-crm-ai\\frontend\\src\\store\\chatSlice.ts","statementMap":{"0":{"start":{"line":17,"column":32},"end":{"line":31,"column":null}},"1":{"start":{"line":33,"column":6},"end":{"line":58,"column":null}},"2":{"start":{"line":38,"column":6},"end":{"line":38,"column":null}},"3":{"start":{"line":39,"column":6},"end":{"line":39,"column":null}},"4":{"start":{"line":40,"column":6},"end":{"line":40,"column":null}},"5":{"start":{"line":43,"column":35},"end":{"line":43,"column":null}},"6":{"start":{"line":44,"column":6},"end":{"line":44,"column":null}},"7":{"start":{"line":45,"column":6},"end":{"line":45,"column":null}},"8":{"start":{"line":48,"column":6},"end":{"line":48,"column":null}},"9":{"start":{"line":49,"column":6},"end":{"line":49,"column":null}},"10":{"start":{"line":50,"column":6},"end":{"line":55,"column":null}},"11":{"start":{"line":60,"column":58},"end":{"line":60,"column":null}}},"fnMap":{"0":{"name":"(anonymous_0)","decl":{"start":{"line":37,"column":17},"end":{"line":37,"column":18}},"loc":{"start":{"line":37,"column":59},"end":{"line":41,"column":null}},"line":37},"1":{"name":"(anonymous_1)","decl":{"start":{"line":42,"column":19},"end":{"line":42,"column":20}},"loc":{"start":{"line":42,"column":93},"end":{"line":46,"column":null}},"line":42},"2":{"name":"(anonymous_2)","decl":{"start":{"line":47,"column":16},"end":{"line":47,"column":17}},"loc":{"start":{"line":47,"column":58},"end":{"line":56,"column":null}},"line":47}},"branchMap":{},"s":{"0":2,"1":2,"2":2,"3":2,"4":2,"5":1,"6":1,"7":1,"8":1,"9":1,"10":1,"11":2},"f":{"0":2,"1":1,"2":1},"b":{},"meta":{"lastBranch":0,"lastFunction":3,"lastStatement":12,"seen":{"s:17:32:31:Infinity":0,"s:33:6:58:Infinity":1,"f:37:17:37:18":0,"s:38:6:38:Infinity":2,"s:39:6:39:Infinity":3,"s:40:6:40:Infinity":4,"f:42:19:42:20":1,"s:43:35:43:Infinity":5,"s:44:6:44:Infinity":6,"s:45:6:45:Infinity":7,"f:47:16:47:17":2,"s:48:6:48:Infinity":8,"s:49:6:49:Infinity":9,"s:50:6:55:Infinity":10,"s:60:58:60:Infinity":11},"fnNames":{}}}
,"C:\\Users\\krish\\Downloads\\hcp-crm-ai\\hcp-crm-ai\\frontend\\src\\store\\hooks.ts": {"path":"C:\\Users\\krish\\Downloads\\hcp-crm-ai\\hcp-crm-ai\\frontend\\src\\store\\hooks.ts","statementMap":{"0":{"start":{"line":4,"column":49},"end":{"line":4,"column":null}},"1":{"start":{"line":5,"column":63},"end":{"line":5,"column":null}}},"fnMap":{},"branchMap":{},"s":{"0":2,"1":2},"f":{},"b":{},"meta":{"lastBranch":0,"lastFunction":0,"lastStatement":2,"seen":{"s:4:49:4:Infinity":0,"s:5:63:5:Infinity":1},"fnNames":{}}}
,"C:\\Users\\krish\\Downloads\\hcp-crm-ai\\hcp-crm-ai\\frontend\\src\\store\\interactionSlice.ts": {"path":"C:\\Users\\krish\\Downloads\\hcp-crm-ai\\hcp-crm-ai\\frontend\\src\\store\\interactionSlice.ts","statementMap":{"0":{"start":{"line":19,"column":43},"end":{"line":33,"column":null}},"1":{"start":{"line":35,"column":6},"end":{"line":42,"column":null}},"2":{"start":{"line":39,"column":70},"end":{"line":39,"column":null}},"3":{"start":{"line":40,"column":21},"end":{"line":40,"column":null}},"4":{"start":{"line":44,"column":42},"end":{"line":44,"column":null}}},"fnMap":{"0":{"name":"(anonymous_0)","decl":{"start":{"line":39,"column":17},"end":{"line":39,"column":18}},"loc":{"start":{"line":39,"column":70},"end":{"line":39,"column":null}},"line":39},"1":{"name":"(anonymous_1)","decl":{"start":{"line":40,"column":15},"end":{"line":40,"column":21}},"loc":{"start":{"line":40,"column":21},"end":{"line":40,"column":null}},"line":40}},"branchMap":{},"s":{"0":2,"1":2,"2":1,"3":0,"4":2},"f":{"0":1,"1":0},"b":{},"meta":{"lastBranch":0,"lastFunction":2,"lastStatement":5,"seen":{"s:19:43:33:Infinity":0,"s:35:6:42:Infinity":1,"f:39:17:39:18":0,"s:39:70:39:Infinity":2,"f:40:15:40:21":1,"s:40:21:40:Infinity":3,"s:44:42:44:Infinity":4},"fnNames":{}}}
,"C:\\Users\\krish\\Downloads\\hcp-crm-ai\\hcp-crm-ai\\frontend\\src\\test\\test-utils.tsx": {"path":"C:\\Users\\krish\\Downloads\\hcp-crm-ai\\hcp-crm-ai\\frontend\\src\\test\\test-utils.tsx","statementMap":{"0":{"start":{"line":27,"column":4},"end":{"line":27,"column":null}},"1":{"start":{"line":30,"column":2},"end":{"line":30,"column":null}}},"fnMap":{"0":{"name":"renderWithProviders","decl":{"start":{"line":15,"column":16},"end":{"line":15,"column":null}},"loc":{"start":{"line":25,"column":2},"end":{"line":31,"column":null}},"line":25},"1":{"name":"Wrapper","decl":{"start":{"line":26,"column":11},"end":{"line":26,"column":19}},"loc":{"start":{"line":26,"column":76},"end":{"line":28,"column":null}},"line":26}},"branchMap":{"0":{"loc":{"start":{"line":17,"column":2},"end":{"line":24,"column":null}},"type":"default-arg","locations":[{"start":{"line":24,"column":29},"end":{"line":24,"column":null}}],"line":17},"1":{"loc":{"start":{"line":18,"column":4},"end":{"line":18,"column":null}},"type":"default-arg","locations":[{"start":{"line":18,"column":21},"end":{"line":18,"column":null}}],"line":18},"2":{"loc":{"start":{"line":19,"column":4},"end":{"line":22,"column":null}},"type":"default-arg","locations":[{"start":{"line":19,"column":4},"end":{"line":22,"column":null}}],"line":19}},"s":{"0":5,"1":5},"f":{"0":5,"1":5},"b":{"0":[5],"1":[5],"2":[5]},"meta":{"lastBranch":3,"lastFunction":2,"lastStatement":2,"seen":{"f:15:16:15:Infinity":0,"b:24:29:24:Infinity":0,"b:18:21:18:Infinity":1,"b:19:4:22:Infinity":2,"f:26:11:26:19":1,"s:27:4:27:Infinity":0,"s:30:2:30:Infinity":1},"fnNames":{}}}
}
